This file contains any messages produced by compilers while
running configure, to aid debugging if configure makes a mistake.

It was created by OrangeShare configure 0.8.4, which was
generated by GNU Autoconf 2.68.  Invocation command line was

  $ ./configure 

## --------- ##
## Platform. ##
## --------- ##

hostname = oxygen
uname -m = x86_64
uname -r = 3.0.0-17-generic
uname -s = Linux
uname -v = #30-Ubuntu SMP Thu Mar 8 20:45:39 UTC 2012

/usr/bin/uname -p = unknown
/bin/uname -X     = unknown

/bin/arch              = unknown
/usr/bin/arch -k       = unknown
/usr/convex/getsysinfo = unknown
/usr/bin/hostinfo      = unknown
/bin/machine           = unknown
/usr/bin/oslevel       = unknown
/bin/universe          = unknown

PATH: /usr/lib/lightdm/lightdm
PATH: /usr/local/sbin
PATH: /usr/local/bin
PATH: /usr/sbin
PATH: /usr/bin
PATH: /sbin
PATH: /bin
PATH: /usr/games


## ----------- ##
## Core tests. ##
## ----------- ##

configure:1678: checking for pkg-config
configure:1696: found /usr/bin/pkg-config
configure:1709: result: /usr/bin/pkg-config

## ---------------- ##
## Cache variables. ##
## ---------------- ##

ac_cv_env_build_alias_set=
ac_cv_env_build_alias_value=
ac_cv_env_host_alias_set=
ac_cv_env_host_alias_value=
ac_cv_env_target_alias_set=
ac_cv_env_target_alias_value=
ac_cv_path_PKG_CONFIG=/usr/bin/pkg-config

## ----------------- ##
## Output variables. ##
## ----------------- ##

ACLOCAL_AMFLAGS='-I build/m4/sparkleshare -I build/m4/shamrock -I build/m4/shave ${ACLOCAL_FLAGS}'
APP_INDICATOR_CFLAGS=''
APP_INDICATOR_LIBS=''
ASM_VERSION='0.8.4'
DEFS=''
ECHO_C=''
ECHO_N='-n'
ECHO_T=''
GETTEXT_PACKAGE=''
GUISUBDIRS=''
INSTALL_DATA=''
INSTALL_PROGRAM=''
INSTALL_SCRIPT=''
LIBOBJS=''
LIBS=''
LTLIBOBJS=''
NOTIFY_SHARP_LIBS=''
PACKAGE_BUGREPORT=''
PACKAGE_NAME='OrangeShare'
PACKAGE_STRING='OrangeShare 0.8.4'
PACKAGE_TARNAME='orangeshare'
PACKAGE_URL=''
PACKAGE_VERSION='0.8.4'
PATH_SEPARATOR=':'
PKG_CONFIG='/usr/bin/pkg-config'
SHELL='/bin/bash'
WEBKIT_SHARP_LIBS=''
bindir='${exec_prefix}/bin'
build_alias=''
datadir='${datarootdir}'
datarootdir='${prefix}/share'
docdir='${datarootdir}/doc/${PACKAGE_TARNAME}'
dvidir='${docdir}'
exec_prefix='NONE'
host_alias=''
htmldir='${docdir}'
includedir='${prefix}/include'
infodir='${datarootdir}/info'
libdir='${exec_prefix}/lib'
libexecdir='${exec_prefix}/libexec'
localedir='${datarootdir}/locale'
localstatedir='${prefix}/var'
mandir='${datarootdir}/man'
oldincludedir='/usr/include'
pdfdir='${docdir}'
prefix='NONE'
program_transform_name='s,x,x,'
psdir='${docdir}'
sbindir='${exec_prefix}/sbin'
sharedstatedir='${prefix}/com'
sysconfdir='${prefix}/etc'
target_alias=''

## ----------- ##
## confdefs.h. ##
## ----------- ##

/* confdefs.h */
#define PACKAGE_NAME "OrangeShare"
#define PACKAGE_TARNAME "orangeshare"
#define PACKAGE_VERSION "0.8.4"
#define PACKAGE_STRING "OrangeShare 0.8.4"
#define PACKAGE_BUGREPORT ""
#define PACKAGE_URL ""

configure: exit 2
